<?xml version="1.0" encoding="UTF-8"?>
<robot generator="Robot 3.0 (Jython 2.7.0 on java1.8.0_141)" generated="20180214 09:00:30.115">
<suite source="/Users/dallenatchley/Documents/Software/cs310-tic-tac-toe/src/test/acceptancetest" name="Acceptancetest" id="s1">
<suite source="/Users/dallenatchley/Documents/Software/cs310-tic-tac-toe/src/test/acceptancetest/TicTacToeGUITests.robot" name="TicTacToeGUITests" id="s1-s1">
<test name="Win Diagonally as X" id="s1-s1-t1">
<kw name="Start New Game">
<kw library="SwingLibrary" name="Start Application">
<doc>Alias for `Launch Application` keyword</doc>
<arguments>
<arg>edu.jsu.mcis.TicTacToe</arg>
</arguments>
<status endtime="20180214 09:00:32.596" starttime="20180214 09:00:31.627" status="PASS"></status>
</kw>
<kw library="SwingLibrary" name="Select Window">
<doc>Selects a window as current context and sets focus to it.</doc>
<arguments>
<arg>Tic-Tac-Toe</arg>
</arguments>
<status endtime="20180214 09:00:32.734" starttime="20180214 09:00:32.606" status="PASS"></status>
</kw>
<status endtime="20180214 09:00:32.737" starttime="20180214 09:00:31.623" status="PASS"></status>
</kw>
<kw name="Mark Location">
<arguments>
<arg>1</arg>
<arg>1</arg>
</arguments>
<kw library="BuiltIn" name="Catenate">
<doc>Catenates the given items together and returns the resulted string.</doc>
<arguments>
<arg>SEPARATOR=</arg>
<arg>Square</arg>
<arg>${row}</arg>
<arg>${col}</arg>
</arguments>
<assign>
<var>${component}</var>
</assign>
<msg level="INFO" timestamp="20180214 09:00:32.755">${component} = Square11</msg>
<status endtime="20180214 09:00:32.757" starttime="20180214 09:00:32.745" status="PASS"></status>
</kw>
<kw library="SwingLibrary" name="Click On Component">
<doc>Clicks on a component.</doc>
<arguments>
<arg>${component}</arg>
</arguments>
<status endtime="20180214 09:00:32.817" starttime="20180214 09:00:32.759" status="PASS"></status>
</kw>
<status endtime="20180214 09:00:32.821" starttime="20180214 09:00:32.739" status="PASS"></status>
</kw>
<kw name="Check Location">
<arguments>
<arg>1</arg>
<arg>1</arg>
<arg>X</arg>
</arguments>
<kw library="BuiltIn" name="Catenate">
<doc>Catenates the given items together and returns the resulted string.</doc>
<arguments>
<arg>SEPARATOR=</arg>
<arg>Square</arg>
<arg>${row}</arg>
<arg>${col}</arg>
</arguments>
<assign>
<var>${component}</var>
</assign>
<msg level="INFO" timestamp="20180214 09:00:32.833">${component} = Square11</msg>
<status endtime="20180214 09:00:32.834" starttime="20180214 09:00:32.827" status="PASS"></status>
</kw>
<kw library="SwingLibrary" name="Get Button Text">
<doc>Uses current context to search for a button and when found, returns the text it is labeled with.</doc>
<arguments>
<arg>${component}</arg>
</arguments>
<assign>
<var>${text}</var>
</assign>
<msg level="INFO" timestamp="20180214 09:00:32.899">${text} = X</msg>
<status endtime="20180214 09:00:32.900" starttime="20180214 09:00:32.836" status="PASS"></status>
</kw>
<kw library="BuiltIn" name="Should Be Equal">
<doc>Fails if the given objects are unequal.</doc>
<arguments>
<arg>${text}</arg>
<arg>${mark}</arg>
</arguments>
<status endtime="20180214 09:00:32.905" starttime="20180214 09:00:32.901" status="PASS"></status>
</kw>
<status endtime="20180214 09:00:32.908" starttime="20180214 09:00:32.822" status="PASS"></status>
</kw>
<kw name="Mark Location">
<arguments>
<arg>0</arg>
<arg>1</arg>
</arguments>
<kw library="BuiltIn" name="Catenate">
<doc>Catenates the given items together and returns the resulted string.</doc>
<arguments>
<arg>SEPARATOR=</arg>
<arg>Square</arg>
<arg>${row}</arg>
<arg>${col}</arg>
</arguments>
<assign>
<var>${component}</var>
</assign>
<msg level="INFO" timestamp="20180214 09:00:32.922">${component} = Square01</msg>
<status endtime="20180214 09:00:32.929" starttime="20180214 09:00:32.913" status="PASS"></status>
</kw>
<kw library="SwingLibrary" name="Click On Component">
<doc>Clicks on a component.</doc>
<arguments>
<arg>${component}</arg>
</arguments>
<status endtime="20180214 09:00:32.942" starttime="20180214 09:00:32.930" status="PASS"></status>
</kw>
<status endtime="20180214 09:00:32.944" starttime="20180214 09:00:32.909" status="PASS"></status>
</kw>
<kw name="Check Location">
<arguments>
<arg>0</arg>
<arg>1</arg>
<arg>O</arg>
</arguments>
<kw library="BuiltIn" name="Catenate">
<doc>Catenates the given items together and returns the resulted string.</doc>
<arguments>
<arg>SEPARATOR=</arg>
<arg>Square</arg>
<arg>${row}</arg>
<arg>${col}</arg>
</arguments>
<assign>
<var>${component}</var>
</assign>
<msg level="INFO" timestamp="20180214 09:00:32.957">${component} = Square01</msg>
<status endtime="20180214 09:00:32.958" starttime="20180214 09:00:32.952" status="PASS"></status>
</kw>
<kw library="SwingLibrary" name="Get Button Text">
<doc>Uses current context to search for a button and when found, returns the text it is labeled with.</doc>
<arguments>
<arg>${component}</arg>
</arguments>
<assign>
<var>${text}</var>
</assign>
<msg level="INFO" timestamp="20180214 09:00:32.969">${text} = O</msg>
<status endtime="20180214 09:00:32.970" starttime="20180214 09:00:32.960" status="PASS"></status>
</kw>
<kw library="BuiltIn" name="Should Be Equal">
<doc>Fails if the given objects are unequal.</doc>
<arguments>
<arg>${text}</arg>
<arg>${mark}</arg>
</arguments>
<status endtime="20180214 09:00:32.976" starttime="20180214 09:00:32.972" status="PASS"></status>
</kw>
<status endtime="20180214 09:00:32.979" starttime="20180214 09:00:32.946" status="PASS"></status>
</kw>
<kw name="Mark Location">
<arguments>
<arg>0</arg>
<arg>0</arg>
</arguments>
<kw library="BuiltIn" name="Catenate">
<doc>Catenates the given items together and returns the resulted string.</doc>
<arguments>
<arg>SEPARATOR=</arg>
<arg>Square</arg>
<arg>${row}</arg>
<arg>${col}</arg>
</arguments>
<assign>
<var>${component}</var>
</assign>
<msg level="INFO" timestamp="20180214 09:00:32.987">${component} = Square00</msg>
<status endtime="20180214 09:00:32.988" starttime="20180214 09:00:32.984" status="PASS"></status>
</kw>
<kw library="SwingLibrary" name="Click On Component">
<doc>Clicks on a component.</doc>
<arguments>
<arg>${component}</arg>
</arguments>
<status endtime="20180214 09:00:33.004" starttime="20180214 09:00:32.991" status="PASS"></status>
</kw>
<status endtime="20180214 09:00:33.006" starttime="20180214 09:00:32.981" status="PASS"></status>
</kw>
<kw name="Check Location">
<arguments>
<arg>0</arg>
<arg>0</arg>
<arg>X</arg>
</arguments>
<kw library="BuiltIn" name="Catenate">
<doc>Catenates the given items together and returns the resulted string.</doc>
<arguments>
<arg>SEPARATOR=</arg>
<arg>Square</arg>
<arg>${row}</arg>
<arg>${col}</arg>
</arguments>
<assign>
<var>${component}</var>
</assign>
<msg level="INFO" timestamp="20180214 09:00:33.016">${component} = Square00</msg>
<status endtime="20180214 09:00:33.018" starttime="20180214 09:00:33.012" status="PASS"></status>
</kw>
<kw library="SwingLibrary" name="Get Button Text">
<doc>Uses current context to search for a button and when found, returns the text it is labeled with.</doc>
<arguments>
<arg>${component}</arg>
</arguments>
<assign>
<var>${text}</var>
</assign>
<msg level="INFO" timestamp="20180214 09:00:33.027">${text} = X</msg>
<status endtime="20180214 09:00:33.027" starttime="20180214 09:00:33.020" status="PASS"></status>
</kw>
<kw library="BuiltIn" name="Should Be Equal">
<doc>Fails if the given objects are unequal.</doc>
<arguments>
<arg>${text}</arg>
<arg>${mark}</arg>
</arguments>
<status endtime="20180214 09:00:33.031" starttime="20180214 09:00:33.028" status="PASS"></status>
</kw>
<status endtime="20180214 09:00:33.032" starttime="20180214 09:00:33.008" status="PASS"></status>
</kw>
<kw name="Mark Location">
<arguments>
<arg>0</arg>
<arg>2</arg>
</arguments>
<kw library="BuiltIn" name="Catenate">
<doc>Catenates the given items together and returns the resulted string.</doc>
<arguments>
<arg>SEPARATOR=</arg>
<arg>Square</arg>
<arg>${row}</arg>
<arg>${col}</arg>
</arguments>
<assign>
<var>${component}</var>
</assign>
<msg level="INFO" timestamp="20180214 09:00:33.042">${component} = Square02</msg>
<status endtime="20180214 09:00:33.043" starttime="20180214 09:00:33.036" status="PASS"></status>
</kw>
<kw library="SwingLibrary" name="Click On Component">
<doc>Clicks on a component.</doc>
<arguments>
<arg>${component}</arg>
</arguments>
<status endtime="20180214 09:00:33.060" starttime="20180214 09:00:33.045" status="PASS"></status>
</kw>
<status endtime="20180214 09:00:33.062" starttime="20180214 09:00:33.033" status="PASS"></status>
</kw>
<kw name="Check Location">
<arguments>
<arg>0</arg>
<arg>2</arg>
<arg>O</arg>
</arguments>
<kw library="BuiltIn" name="Catenate">
<doc>Catenates the given items together and returns the resulted string.</doc>
<arguments>
<arg>SEPARATOR=</arg>
<arg>Square</arg>
<arg>${row}</arg>
<arg>${col}</arg>
</arguments>
<assign>
<var>${component}</var>
</assign>
<msg level="INFO" timestamp="20180214 09:00:33.071">${component} = Square02</msg>
<status endtime="20180214 09:00:33.072" starttime="20180214 09:00:33.066" status="PASS"></status>
</kw>
<kw library="SwingLibrary" name="Get Button Text">
<doc>Uses current context to search for a button and when found, returns the text it is labeled with.</doc>
<arguments>
<arg>${component}</arg>
</arguments>
<assign>
<var>${text}</var>
</assign>
<msg level="INFO" timestamp="20180214 09:00:33.084">${text} = O</msg>
<status endtime="20180214 09:00:33.086" starttime="20180214 09:00:33.073" status="PASS"></status>
</kw>
<kw library="BuiltIn" name="Should Be Equal">
<doc>Fails if the given objects are unequal.</doc>
<arguments>
<arg>${text}</arg>
<arg>${mark}</arg>
</arguments>
<status endtime="20180214 09:00:33.091" starttime="20180214 09:00:33.087" status="PASS"></status>
</kw>
<status endtime="20180214 09:00:33.093" starttime="20180214 09:00:33.063" status="PASS"></status>
</kw>
<kw name="Mark Location">
<arguments>
<arg>2</arg>
<arg>2</arg>
</arguments>
<kw library="BuiltIn" name="Catenate">
<doc>Catenates the given items together and returns the resulted string.</doc>
<arguments>
<arg>SEPARATOR=</arg>
<arg>Square</arg>
<arg>${row}</arg>
<arg>${col}</arg>
</arguments>
<assign>
<var>${component}</var>
</assign>
<msg level="INFO" timestamp="20180214 09:00:33.102">${component} = Square22</msg>
<status endtime="20180214 09:00:33.103" starttime="20180214 09:00:33.097" status="PASS"></status>
</kw>
<kw library="SwingLibrary" name="Click On Component">
<doc>Clicks on a component.</doc>
<arguments>
<arg>${component}</arg>
</arguments>
<status endtime="20180214 09:00:33.118" starttime="20180214 09:00:33.105" status="PASS"></status>
</kw>
<status endtime="20180214 09:00:33.120" starttime="20180214 09:00:33.094" status="PASS"></status>
</kw>
<kw name="Check Location">
<arguments>
<arg>2</arg>
<arg>2</arg>
<arg>X</arg>
</arguments>
<kw library="BuiltIn" name="Catenate">
<doc>Catenates the given items together and returns the resulted string.</doc>
<arguments>
<arg>SEPARATOR=</arg>
<arg>Square</arg>
<arg>${row}</arg>
<arg>${col}</arg>
</arguments>
<assign>
<var>${component}</var>
</assign>
<msg level="INFO" timestamp="20180214 09:00:33.135">${component} = Square22</msg>
<status endtime="20180214 09:00:33.136" starttime="20180214 09:00:33.125" status="PASS"></status>
</kw>
<kw library="SwingLibrary" name="Get Button Text">
<doc>Uses current context to search for a button and when found, returns the text it is labeled with.</doc>
<arguments>
<arg>${component}</arg>
</arguments>
<assign>
<var>${text}</var>
</assign>
<msg level="INFO" timestamp="20180214 09:00:33.145">${text} = X</msg>
<status endtime="20180214 09:00:33.145" starttime="20180214 09:00:33.137" status="PASS"></status>
</kw>
<kw library="BuiltIn" name="Should Be Equal">
<doc>Fails if the given objects are unequal.</doc>
<arguments>
<arg>${text}</arg>
<arg>${mark}</arg>
</arguments>
<status endtime="20180214 09:00:33.149" starttime="20180214 09:00:33.146" status="PASS"></status>
</kw>
<status endtime="20180214 09:00:33.150" starttime="20180214 09:00:33.122" status="PASS"></status>
</kw>
<kw name="Winner Should Be">
<arguments>
<arg>X</arg>
</arguments>
<kw library="SwingLibrary" name="Get Label Content">
<doc>Returns the text displayed on a label.</doc>
<arguments>
<arg>ResultLabel</arg>
</arguments>
<assign>
<var>${text}</var>
</assign>
<msg level="INFO" timestamp="20180214 09:00:33.171">${text} = X</msg>
<status endtime="20180214 09:00:33.172" starttime="20180214 09:00:33.155" status="PASS"></status>
</kw>
<kw library="BuiltIn" name="Should Be Equal">
<doc>Fails if the given objects are unequal.</doc>
<arguments>
<arg>${text}</arg>
<arg>${winner}</arg>
</arguments>
<status endtime="20180214 09:00:33.177" starttime="20180214 09:00:33.173" status="PASS"></status>
</kw>
<kw library="SwingLibrary" name="Close Window">
<doc>Closes a window.</doc>
<arguments>
<arg>Tic-Tac-Toe</arg>
</arguments>
<status endtime="20180214 09:00:33.381" starttime="20180214 09:00:33.178" status="PASS"></status>
</kw>
<status endtime="20180214 09:00:33.383" starttime="20180214 09:00:33.153" status="PASS"></status>
</kw>
<status critical="yes" endtime="20180214 09:00:33.386" starttime="20180214 09:00:31.615" status="PASS"></status>
</test>
<test name="Win Horizontally as O" id="s1-s1-t2">
<kw name="Start New Game">
<kw library="SwingLibrary" name="Start Application">
<doc>Alias for `Launch Application` keyword</doc>
<arguments>
<arg>edu.jsu.mcis.TicTacToe</arg>
</arguments>
<status endtime="20180214 09:00:33.493" starttime="20180214 09:00:33.398" status="PASS"></status>
</kw>
<kw library="SwingLibrary" name="Select Window">
<doc>Selects a window as current context and sets focus to it.</doc>
<arguments>
<arg>Tic-Tac-Toe</arg>
</arguments>
<status endtime="20180214 09:00:33.524" starttime="20180214 09:00:33.503" status="PASS"></status>
</kw>
<status endtime="20180214 09:00:33.525" starttime="20180214 09:00:33.395" status="PASS"></status>
</kw>
<kw name="Mark Location">
<arguments>
<arg>1</arg>
<arg>1</arg>
</arguments>
<kw library="BuiltIn" name="Catenate">
<doc>Catenates the given items together and returns the resulted string.</doc>
<arguments>
<arg>SEPARATOR=</arg>
<arg>Square</arg>
<arg>${row}</arg>
<arg>${col}</arg>
</arguments>
<assign>
<var>${component}</var>
</assign>
<msg level="INFO" timestamp="20180214 09:00:33.539">${component} = Square11</msg>
<status endtime="20180214 09:00:33.541" starttime="20180214 09:00:33.534" status="PASS"></status>
</kw>
<kw library="SwingLibrary" name="Click On Component">
<doc>Clicks on a component.</doc>
<arguments>
<arg>${component}</arg>
</arguments>
<status endtime="20180214 09:00:33.566" starttime="20180214 09:00:33.547" status="PASS"></status>
</kw>
<status endtime="20180214 09:00:33.569" starttime="20180214 09:00:33.526" status="PASS"></status>
</kw>
<kw name="Check Location">
<arguments>
<arg>1</arg>
<arg>1</arg>
<arg>X</arg>
</arguments>
<kw library="BuiltIn" name="Catenate">
<doc>Catenates the given items together and returns the resulted string.</doc>
<arguments>
<arg>SEPARATOR=</arg>
<arg>Square</arg>
<arg>${row}</arg>
<arg>${col}</arg>
</arguments>
<assign>
<var>${component}</var>
</assign>
<msg level="INFO" timestamp="20180214 09:00:33.580">${component} = Square11</msg>
<status endtime="20180214 09:00:33.580" starttime="20180214 09:00:33.575" status="PASS"></status>
</kw>
<kw library="SwingLibrary" name="Get Button Text">
<doc>Uses current context to search for a button and when found, returns the text it is labeled with.</doc>
<arguments>
<arg>${component}</arg>
</arguments>
<assign>
<var>${text}</var>
</assign>
<msg level="INFO" timestamp="20180214 09:00:33.592">${text} = X</msg>
<status endtime="20180214 09:00:33.593" starttime="20180214 09:00:33.582" status="PASS"></status>
</kw>
<kw library="BuiltIn" name="Should Be Equal">
<doc>Fails if the given objects are unequal.</doc>
<arguments>
<arg>${text}</arg>
<arg>${mark}</arg>
</arguments>
<status endtime="20180214 09:00:33.597" starttime="20180214 09:00:33.594" status="PASS"></status>
</kw>
<status endtime="20180214 09:00:33.598" starttime="20180214 09:00:33.572" status="PASS"></status>
</kw>
<kw name="Mark Location">
<arguments>
<arg>2</arg>
<arg>0</arg>
</arguments>
<kw library="BuiltIn" name="Catenate">
<doc>Catenates the given items together and returns the resulted string.</doc>
<arguments>
<arg>SEPARATOR=</arg>
<arg>Square</arg>
<arg>${row}</arg>
<arg>${col}</arg>
</arguments>
<assign>
<var>${component}</var>
</assign>
<msg level="INFO" timestamp="20180214 09:00:33.606">${component} = Square20</msg>
<status endtime="20180214 09:00:33.606" starttime="20180214 09:00:33.601" status="PASS"></status>
</kw>
<kw library="SwingLibrary" name="Click On Component">
<doc>Clicks on a component.</doc>
<arguments>
<arg>${component}</arg>
</arguments>
<status endtime="20180214 09:00:33.624" starttime="20180214 09:00:33.608" status="PASS"></status>
</kw>
<status endtime="20180214 09:00:33.625" starttime="20180214 09:00:33.599" status="PASS"></status>
</kw>
<kw name="Check Location">
<arguments>
<arg>2</arg>
<arg>0</arg>
<arg>O</arg>
</arguments>
<kw library="BuiltIn" name="Catenate">
<doc>Catenates the given items together and returns the resulted string.</doc>
<arguments>
<arg>SEPARATOR=</arg>
<arg>Square</arg>
<arg>${row}</arg>
<arg>${col}</arg>
</arguments>
<assign>
<var>${component}</var>
</assign>
<msg level="INFO" timestamp="20180214 09:00:33.641">${component} = Square20</msg>
<status endtime="20180214 09:00:33.641" starttime="20180214 09:00:33.636" status="PASS"></status>
</kw>
<kw library="SwingLibrary" name="Get Button Text">
<doc>Uses current context to search for a button and when found, returns the text it is labeled with.</doc>
<arguments>
<arg>${component}</arg>
</arguments>
<assign>
<var>${text}</var>
</assign>
<msg level="INFO" timestamp="20180214 09:00:33.651">${text} = O</msg>
<status endtime="20180214 09:00:33.652" starttime="20180214 09:00:33.643" status="PASS"></status>
</kw>
<kw library="BuiltIn" name="Should Be Equal">
<doc>Fails if the given objects are unequal.</doc>
<arguments>
<arg>${text}</arg>
<arg>${mark}</arg>
</arguments>
<status endtime="20180214 09:00:33.655" starttime="20180214 09:00:33.653" status="PASS"></status>
</kw>
<status endtime="20180214 09:00:33.656" starttime="20180214 09:00:33.627" status="PASS"></status>
</kw>
<kw name="Mark Location">
<arguments>
<arg>0</arg>
<arg>0</arg>
</arguments>
<kw library="BuiltIn" name="Catenate">
<doc>Catenates the given items together and returns the resulted string.</doc>
<arguments>
<arg>SEPARATOR=</arg>
<arg>Square</arg>
<arg>${row}</arg>
<arg>${col}</arg>
</arguments>
<assign>
<var>${component}</var>
</assign>
<msg level="INFO" timestamp="20180214 09:00:33.665">${component} = Square00</msg>
<status endtime="20180214 09:00:33.666" starttime="20180214 09:00:33.660" status="PASS"></status>
</kw>
<kw library="SwingLibrary" name="Click On Component">
<doc>Clicks on a component.</doc>
<arguments>
<arg>${component}</arg>
</arguments>
<status endtime="20180214 09:00:33.679" starttime="20180214 09:00:33.667" status="PASS"></status>
</kw>
<status endtime="20180214 09:00:33.681" starttime="20180214 09:00:33.657" status="PASS"></status>
</kw>
<kw name="Check Location">
<arguments>
<arg>0</arg>
<arg>0</arg>
<arg>X</arg>
</arguments>
<kw library="BuiltIn" name="Catenate">
<doc>Catenates the given items together and returns the resulted string.</doc>
<arguments>
<arg>SEPARATOR=</arg>
<arg>Square</arg>
<arg>${row}</arg>
<arg>${col}</arg>
</arguments>
<assign>
<var>${component}</var>
</assign>
<msg level="INFO" timestamp="20180214 09:00:33.688">${component} = Square00</msg>
<status endtime="20180214 09:00:33.689" starttime="20180214 09:00:33.684" status="PASS"></status>
</kw>
<kw library="SwingLibrary" name="Get Button Text">
<doc>Uses current context to search for a button and when found, returns the text it is labeled with.</doc>
<arguments>
<arg>${component}</arg>
</arguments>
<assign>
<var>${text}</var>
</assign>
<msg level="INFO" timestamp="20180214 09:00:33.695">${text} = X</msg>
<status endtime="20180214 09:00:33.696" starttime="20180214 09:00:33.690" status="PASS"></status>
</kw>
<kw library="BuiltIn" name="Should Be Equal">
<doc>Fails if the given objects are unequal.</doc>
<arguments>
<arg>${text}</arg>
<arg>${mark}</arg>
</arguments>
<status endtime="20180214 09:00:33.702" starttime="20180214 09:00:33.697" status="PASS"></status>
</kw>
<status endtime="20180214 09:00:33.704" starttime="20180214 09:00:33.682" status="PASS"></status>
</kw>
<kw name="Mark Location">
<arguments>
<arg>2</arg>
<arg>2</arg>
</arguments>
<kw library="BuiltIn" name="Catenate">
<doc>Catenates the given items together and returns the resulted string.</doc>
<arguments>
<arg>SEPARATOR=</arg>
<arg>Square</arg>
<arg>${row}</arg>
<arg>${col}</arg>
</arguments>
<assign>
<var>${component}</var>
</assign>
<msg level="INFO" timestamp="20180214 09:00:33.710">${component} = Square22</msg>
<status endtime="20180214 09:00:33.711" starttime="20180214 09:00:33.707" status="PASS"></status>
</kw>
<kw library="SwingLibrary" name="Click On Component">
<doc>Clicks on a component.</doc>
<arguments>
<arg>${component}</arg>
</arguments>
<status endtime="20180214 09:00:33.725" starttime="20180214 09:00:33.712" status="PASS"></status>
</kw>
<status endtime="20180214 09:00:33.727" starttime="20180214 09:00:33.705" status="PASS"></status>
</kw>
<kw name="Check Location">
<arguments>
<arg>2</arg>
<arg>2</arg>
<arg>O</arg>
</arguments>
<kw library="BuiltIn" name="Catenate">
<doc>Catenates the given items together and returns the resulted string.</doc>
<arguments>
<arg>SEPARATOR=</arg>
<arg>Square</arg>
<arg>${row}</arg>
<arg>${col}</arg>
</arguments>
<assign>
<var>${component}</var>
</assign>
<msg level="INFO" timestamp="20180214 09:00:33.735">${component} = Square22</msg>
<status endtime="20180214 09:00:33.736" starttime="20180214 09:00:33.731" status="PASS"></status>
</kw>
<kw library="SwingLibrary" name="Get Button Text">
<doc>Uses current context to search for a button and when found, returns the text it is labeled with.</doc>
<arguments>
<arg>${component}</arg>
</arguments>
<assign>
<var>${text}</var>
</assign>
<msg level="INFO" timestamp="20180214 09:00:33.746">${text} = O</msg>
<status endtime="20180214 09:00:33.747" starttime="20180214 09:00:33.738" status="PASS"></status>
</kw>
<kw library="BuiltIn" name="Should Be Equal">
<doc>Fails if the given objects are unequal.</doc>
<arguments>
<arg>${text}</arg>
<arg>${mark}</arg>
</arguments>
<status endtime="20180214 09:00:33.752" starttime="20180214 09:00:33.748" status="PASS"></status>
</kw>
<status endtime="20180214 09:00:33.753" starttime="20180214 09:00:33.728" status="PASS"></status>
</kw>
<kw name="Mark Location">
<arguments>
<arg>0</arg>
<arg>2</arg>
</arguments>
<kw library="BuiltIn" name="Catenate">
<doc>Catenates the given items together and returns the resulted string.</doc>
<arguments>
<arg>SEPARATOR=</arg>
<arg>Square</arg>
<arg>${row}</arg>
<arg>${col}</arg>
</arguments>
<assign>
<var>${component}</var>
</assign>
<msg level="INFO" timestamp="20180214 09:00:33.761">${component} = Square02</msg>
<status endtime="20180214 09:00:33.762" starttime="20180214 09:00:33.757" status="PASS"></status>
</kw>
<kw library="SwingLibrary" name="Click On Component">
<doc>Clicks on a component.</doc>
<arguments>
<arg>${component}</arg>
</arguments>
<status endtime="20180214 09:00:33.774" starttime="20180214 09:00:33.763" status="PASS"></status>
</kw>
<status endtime="20180214 09:00:33.775" starttime="20180214 09:00:33.754" status="PASS"></status>
</kw>
<kw name="Check Location">
<arguments>
<arg>0</arg>
<arg>2</arg>
<arg>X</arg>
</arguments>
<kw library="BuiltIn" name="Catenate">
<doc>Catenates the given items together and returns the resulted string.</doc>
<arguments>
<arg>SEPARATOR=</arg>
<arg>Square</arg>
<arg>${row}</arg>
<arg>${col}</arg>
</arguments>
<assign>
<var>${component}</var>
</assign>
<msg level="INFO" timestamp="20180214 09:00:33.784">${component} = Square02</msg>
<status endtime="20180214 09:00:33.785" starttime="20180214 09:00:33.780" status="PASS"></status>
</kw>
<kw library="SwingLibrary" name="Get Button Text">
<doc>Uses current context to search for a button and when found, returns the text it is labeled with.</doc>
<arguments>
<arg>${component}</arg>
</arguments>
<assign>
<var>${text}</var>
</assign>
<msg level="INFO" timestamp="20180214 09:00:33.799">${text} = X</msg>
<status endtime="20180214 09:00:33.800" starttime="20180214 09:00:33.787" status="PASS"></status>
</kw>
<kw library="BuiltIn" name="Should Be Equal">
<doc>Fails if the given objects are unequal.</doc>
<arguments>
<arg>${text}</arg>
<arg>${mark}</arg>
</arguments>
<status endtime="20180214 09:00:33.806" starttime="20180214 09:00:33.801" status="PASS"></status>
</kw>
<status endtime="20180214 09:00:33.807" starttime="20180214 09:00:33.777" status="PASS"></status>
</kw>
<kw name="Mark Location">
<arguments>
<arg>2</arg>
<arg>1</arg>
</arguments>
<kw library="BuiltIn" name="Catenate">
<doc>Catenates the given items together and returns the resulted string.</doc>
<arguments>
<arg>SEPARATOR=</arg>
<arg>Square</arg>
<arg>${row}</arg>
<arg>${col}</arg>
</arguments>
<assign>
<var>${component}</var>
</assign>
<msg level="INFO" timestamp="20180214 09:00:33.813">${component} = Square21</msg>
<status endtime="20180214 09:00:33.814" starttime="20180214 09:00:33.810" status="PASS"></status>
</kw>
<kw library="SwingLibrary" name="Click On Component">
<doc>Clicks on a component.</doc>
<arguments>
<arg>${component}</arg>
</arguments>
<status endtime="20180214 09:00:33.834" starttime="20180214 09:00:33.815" status="PASS"></status>
</kw>
<status endtime="20180214 09:00:33.836" starttime="20180214 09:00:33.808" status="PASS"></status>
</kw>
<kw name="Check Location">
<arguments>
<arg>2</arg>
<arg>1</arg>
<arg>O</arg>
</arguments>
<kw library="BuiltIn" name="Catenate">
<doc>Catenates the given items together and returns the resulted string.</doc>
<arguments>
<arg>SEPARATOR=</arg>
<arg>Square</arg>
<arg>${row}</arg>
<arg>${col}</arg>
</arguments>
<assign>
<var>${component}</var>
</assign>
<msg level="INFO" timestamp="20180214 09:00:33.846">${component} = Square21</msg>
<status endtime="20180214 09:00:33.846" starttime="20180214 09:00:33.841" status="PASS"></status>
</kw>
<kw library="SwingLibrary" name="Get Button Text">
<doc>Uses current context to search for a button and when found, returns the text it is labeled with.</doc>
<arguments>
<arg>${component}</arg>
</arguments>
<assign>
<var>${text}</var>
</assign>
<msg level="INFO" timestamp="20180214 09:00:33.857">${text} = O</msg>
<status endtime="20180214 09:00:33.858" starttime="20180214 09:00:33.847" status="PASS"></status>
</kw>
<kw library="BuiltIn" name="Should Be Equal">
<doc>Fails if the given objects are unequal.</doc>
<arguments>
<arg>${text}</arg>
<arg>${mark}</arg>
</arguments>
<status endtime="20180214 09:00:33.861" starttime="20180214 09:00:33.859" status="PASS"></status>
</kw>
<status endtime="20180214 09:00:33.862" starttime="20180214 09:00:33.837" status="PASS"></status>
</kw>
<kw name="Winner Should Be">
<arguments>
<arg>O</arg>
</arguments>
<kw library="SwingLibrary" name="Get Label Content">
<doc>Returns the text displayed on a label.</doc>
<arguments>
<arg>ResultLabel</arg>
</arguments>
<assign>
<var>${text}</var>
</assign>
<msg level="INFO" timestamp="20180214 09:00:33.872">${text} = O</msg>
<status endtime="20180214 09:00:33.873" starttime="20180214 09:00:33.864" status="PASS"></status>
</kw>
<kw library="BuiltIn" name="Should Be Equal">
<doc>Fails if the given objects are unequal.</doc>
<arguments>
<arg>${text}</arg>
<arg>${winner}</arg>
</arguments>
<status endtime="20180214 09:00:33.877" starttime="20180214 09:00:33.874" status="PASS"></status>
</kw>
<kw library="SwingLibrary" name="Close Window">
<doc>Closes a window.</doc>
<arguments>
<arg>Tic-Tac-Toe</arg>
</arguments>
<status endtime="20180214 09:00:34.052" starttime="20180214 09:00:33.878" status="PASS"></status>
</kw>
<status endtime="20180214 09:00:34.056" starttime="20180214 09:00:33.862" status="PASS"></status>
</kw>
<status critical="yes" endtime="20180214 09:00:34.059" starttime="20180214 09:00:33.392" status="PASS"></status>
</test>
<test name="Force a Tie" id="s1-s1-t3">
<kw name="Start New Game">
<kw library="SwingLibrary" name="Start Application">
<doc>Alias for `Launch Application` keyword</doc>
<arguments>
<arg>edu.jsu.mcis.TicTacToe</arg>
</arguments>
<status endtime="20180214 09:00:34.145" starttime="20180214 09:00:34.066" status="PASS"></status>
</kw>
<kw library="SwingLibrary" name="Select Window">
<doc>Selects a window as current context and sets focus to it.</doc>
<arguments>
<arg>Tic-Tac-Toe</arg>
</arguments>
<status endtime="20180214 09:00:34.164" starttime="20180214 09:00:34.147" status="PASS"></status>
</kw>
<status endtime="20180214 09:00:34.168" starttime="20180214 09:00:34.065" status="PASS"></status>
</kw>
<kw name="Mark Location">
<arguments>
<arg>1</arg>
<arg>1</arg>
</arguments>
<kw library="BuiltIn" name="Catenate">
<doc>Catenates the given items together and returns the resulted string.</doc>
<arguments>
<arg>SEPARATOR=</arg>
<arg>Square</arg>
<arg>${row}</arg>
<arg>${col}</arg>
</arguments>
<assign>
<var>${component}</var>
</assign>
<msg level="INFO" timestamp="20180214 09:00:34.179">${component} = Square11</msg>
<status endtime="20180214 09:00:34.179" starttime="20180214 09:00:34.172" status="PASS"></status>
</kw>
<kw library="SwingLibrary" name="Click On Component">
<doc>Clicks on a component.</doc>
<arguments>
<arg>${component}</arg>
</arguments>
<status endtime="20180214 09:00:34.196" starttime="20180214 09:00:34.180" status="PASS"></status>
</kw>
<status endtime="20180214 09:00:34.197" starttime="20180214 09:00:34.169" status="PASS"></status>
</kw>
<kw name="Check Location">
<arguments>
<arg>1</arg>
<arg>1</arg>
<arg>X</arg>
</arguments>
<kw library="BuiltIn" name="Catenate">
<doc>Catenates the given items together and returns the resulted string.</doc>
<arguments>
<arg>SEPARATOR=</arg>
<arg>Square</arg>
<arg>${row}</arg>
<arg>${col}</arg>
</arguments>
<assign>
<var>${component}</var>
</assign>
<msg level="INFO" timestamp="20180214 09:00:34.205">${component} = Square11</msg>
<status endtime="20180214 09:00:34.206" starttime="20180214 09:00:34.200" status="PASS"></status>
</kw>
<kw library="SwingLibrary" name="Get Button Text">
<doc>Uses current context to search for a button and when found, returns the text it is labeled with.</doc>
<arguments>
<arg>${component}</arg>
</arguments>
<assign>
<var>${text}</var>
</assign>
<msg level="INFO" timestamp="20180214 09:00:34.215">${text} = X</msg>
<status endtime="20180214 09:00:34.217" starttime="20180214 09:00:34.208" status="PASS"></status>
</kw>
<kw library="BuiltIn" name="Should Be Equal">
<doc>Fails if the given objects are unequal.</doc>
<arguments>
<arg>${text}</arg>
<arg>${mark}</arg>
</arguments>
<status endtime="20180214 09:00:34.226" starttime="20180214 09:00:34.220" status="PASS"></status>
</kw>
<status endtime="20180214 09:00:34.229" starttime="20180214 09:00:34.198" status="PASS"></status>
</kw>
<kw name="Mark Location">
<arguments>
<arg>0</arg>
<arg>0</arg>
</arguments>
<kw library="BuiltIn" name="Catenate">
<doc>Catenates the given items together and returns the resulted string.</doc>
<arguments>
<arg>SEPARATOR=</arg>
<arg>Square</arg>
<arg>${row}</arg>
<arg>${col}</arg>
</arguments>
<assign>
<var>${component}</var>
</assign>
<msg level="INFO" timestamp="20180214 09:00:34.240">${component} = Square00</msg>
<status endtime="20180214 09:00:34.241" starttime="20180214 09:00:34.234" status="PASS"></status>
</kw>
<kw library="SwingLibrary" name="Click On Component">
<doc>Clicks on a component.</doc>
<arguments>
<arg>${component}</arg>
</arguments>
<status endtime="20180214 09:00:34.255" starttime="20180214 09:00:34.242" status="PASS"></status>
</kw>
<status endtime="20180214 09:00:34.256" starttime="20180214 09:00:34.230" status="PASS"></status>
</kw>
<kw name="Check Location">
<arguments>
<arg>0</arg>
<arg>0</arg>
<arg>O</arg>
</arguments>
<kw library="BuiltIn" name="Catenate">
<doc>Catenates the given items together and returns the resulted string.</doc>
<arguments>
<arg>SEPARATOR=</arg>
<arg>Square</arg>
<arg>${row}</arg>
<arg>${col}</arg>
</arguments>
<assign>
<var>${component}</var>
</assign>
<msg level="INFO" timestamp="20180214 09:00:34.267">${component} = Square00</msg>
<status endtime="20180214 09:00:34.268" starttime="20180214 09:00:34.263" status="PASS"></status>
</kw>
<kw library="SwingLibrary" name="Get Button Text">
<doc>Uses current context to search for a button and when found, returns the text it is labeled with.</doc>
<arguments>
<arg>${component}</arg>
</arguments>
<assign>
<var>${text}</var>
</assign>
<msg level="INFO" timestamp="20180214 09:00:34.277">${text} = O</msg>
<status endtime="20180214 09:00:34.278" starttime="20180214 09:00:34.270" status="PASS"></status>
</kw>
<kw library="BuiltIn" name="Should Be Equal">
<doc>Fails if the given objects are unequal.</doc>
<arguments>
<arg>${text}</arg>
<arg>${mark}</arg>
</arguments>
<status endtime="20180214 09:00:34.282" starttime="20180214 09:00:34.279" status="PASS"></status>
</kw>
<status endtime="20180214 09:00:34.284" starttime="20180214 09:00:34.257" status="PASS"></status>
</kw>
<kw name="Mark Location">
<arguments>
<arg>2</arg>
<arg>0</arg>
</arguments>
<kw library="BuiltIn" name="Catenate">
<doc>Catenates the given items together and returns the resulted string.</doc>
<arguments>
<arg>SEPARATOR=</arg>
<arg>Square</arg>
<arg>${row}</arg>
<arg>${col}</arg>
</arguments>
<assign>
<var>${component}</var>
</assign>
<msg level="INFO" timestamp="20180214 09:00:34.290">${component} = Square20</msg>
<status endtime="20180214 09:00:34.292" starttime="20180214 09:00:34.287" status="PASS"></status>
</kw>
<kw library="SwingLibrary" name="Click On Component">
<doc>Clicks on a component.</doc>
<arguments>
<arg>${component}</arg>
</arguments>
<status endtime="20180214 09:00:34.305" starttime="20180214 09:00:34.294" status="PASS"></status>
</kw>
<status endtime="20180214 09:00:34.307" starttime="20180214 09:00:34.285" status="PASS"></status>
</kw>
<kw name="Check Location">
<arguments>
<arg>2</arg>
<arg>0</arg>
<arg>X</arg>
</arguments>
<kw library="BuiltIn" name="Catenate">
<doc>Catenates the given items together and returns the resulted string.</doc>
<arguments>
<arg>SEPARATOR=</arg>
<arg>Square</arg>
<arg>${row}</arg>
<arg>${col}</arg>
</arguments>
<assign>
<var>${component}</var>
</assign>
<msg level="INFO" timestamp="20180214 09:00:34.314">${component} = Square20</msg>
<status endtime="20180214 09:00:34.315" starttime="20180214 09:00:34.310" status="PASS"></status>
</kw>
<kw library="SwingLibrary" name="Get Button Text">
<doc>Uses current context to search for a button and when found, returns the text it is labeled with.</doc>
<arguments>
<arg>${component}</arg>
</arguments>
<assign>
<var>${text}</var>
</assign>
<msg level="INFO" timestamp="20180214 09:00:34.324">${text} = X</msg>
<status endtime="20180214 09:00:34.325" starttime="20180214 09:00:34.316" status="PASS"></status>
</kw>
<kw library="BuiltIn" name="Should Be Equal">
<doc>Fails if the given objects are unequal.</doc>
<arguments>
<arg>${text}</arg>
<arg>${mark}</arg>
</arguments>
<status endtime="20180214 09:00:34.329" starttime="20180214 09:00:34.326" status="PASS"></status>
</kw>
<status endtime="20180214 09:00:34.330" starttime="20180214 09:00:34.308" status="PASS"></status>
</kw>
<kw name="Mark Location">
<arguments>
<arg>0</arg>
<arg>2</arg>
</arguments>
<kw library="BuiltIn" name="Catenate">
<doc>Catenates the given items together and returns the resulted string.</doc>
<arguments>
<arg>SEPARATOR=</arg>
<arg>Square</arg>
<arg>${row}</arg>
<arg>${col}</arg>
</arguments>
<assign>
<var>${component}</var>
</assign>
<msg level="INFO" timestamp="20180214 09:00:34.336">${component} = Square02</msg>
<status endtime="20180214 09:00:34.336" starttime="20180214 09:00:34.332" status="PASS"></status>
</kw>
<kw library="SwingLibrary" name="Click On Component">
<doc>Clicks on a component.</doc>
<arguments>
<arg>${component}</arg>
</arguments>
<status endtime="20180214 09:00:34.344" starttime="20180214 09:00:34.337" status="PASS"></status>
</kw>
<status endtime="20180214 09:00:34.345" starttime="20180214 09:00:34.330" status="PASS"></status>
</kw>
<kw name="Check Location">
<arguments>
<arg>0</arg>
<arg>2</arg>
<arg>O</arg>
</arguments>
<kw library="BuiltIn" name="Catenate">
<doc>Catenates the given items together and returns the resulted string.</doc>
<arguments>
<arg>SEPARATOR=</arg>
<arg>Square</arg>
<arg>${row}</arg>
<arg>${col}</arg>
</arguments>
<assign>
<var>${component}</var>
</assign>
<msg level="INFO" timestamp="20180214 09:00:34.354">${component} = Square02</msg>
<status endtime="20180214 09:00:34.355" starttime="20180214 09:00:34.351" status="PASS"></status>
</kw>
<kw library="SwingLibrary" name="Get Button Text">
<doc>Uses current context to search for a button and when found, returns the text it is labeled with.</doc>
<arguments>
<arg>${component}</arg>
</arguments>
<assign>
<var>${text}</var>
</assign>
<msg level="INFO" timestamp="20180214 09:00:34.364">${text} = O</msg>
<status endtime="20180214 09:00:34.365" starttime="20180214 09:00:34.356" status="PASS"></status>
</kw>
<kw library="BuiltIn" name="Should Be Equal">
<doc>Fails if the given objects are unequal.</doc>
<arguments>
<arg>${text}</arg>
<arg>${mark}</arg>
</arguments>
<status endtime="20180214 09:00:34.371" starttime="20180214 09:00:34.366" status="PASS"></status>
</kw>
<status endtime="20180214 09:00:34.372" starttime="20180214 09:00:34.347" status="PASS"></status>
</kw>
<kw name="Mark Location">
<arguments>
<arg>0</arg>
<arg>1</arg>
</arguments>
<kw library="BuiltIn" name="Catenate">
<doc>Catenates the given items together and returns the resulted string.</doc>
<arguments>
<arg>SEPARATOR=</arg>
<arg>Square</arg>
<arg>${row}</arg>
<arg>${col}</arg>
</arguments>
<assign>
<var>${component}</var>
</assign>
<msg level="INFO" timestamp="20180214 09:00:34.378">${component} = Square01</msg>
<status endtime="20180214 09:00:34.378" starttime="20180214 09:00:34.375" status="PASS"></status>
</kw>
<kw library="SwingLibrary" name="Click On Component">
<doc>Clicks on a component.</doc>
<arguments>
<arg>${component}</arg>
</arguments>
<status endtime="20180214 09:00:34.389" starttime="20180214 09:00:34.379" status="PASS"></status>
</kw>
<status endtime="20180214 09:00:34.391" starttime="20180214 09:00:34.373" status="PASS"></status>
</kw>
<kw name="Check Location">
<arguments>
<arg>0</arg>
<arg>1</arg>
<arg>X</arg>
</arguments>
<kw library="BuiltIn" name="Catenate">
<doc>Catenates the given items together and returns the resulted string.</doc>
<arguments>
<arg>SEPARATOR=</arg>
<arg>Square</arg>
<arg>${row}</arg>
<arg>${col}</arg>
</arguments>
<assign>
<var>${component}</var>
</assign>
<msg level="INFO" timestamp="20180214 09:00:34.398">${component} = Square01</msg>
<status endtime="20180214 09:00:34.399" starttime="20180214 09:00:34.395" status="PASS"></status>
</kw>
<kw library="SwingLibrary" name="Get Button Text">
<doc>Uses current context to search for a button and when found, returns the text it is labeled with.</doc>
<arguments>
<arg>${component}</arg>
</arguments>
<assign>
<var>${text}</var>
</assign>
<msg level="INFO" timestamp="20180214 09:00:34.408">${text} = X</msg>
<status endtime="20180214 09:00:34.409" starttime="20180214 09:00:34.400" status="PASS"></status>
</kw>
<kw library="BuiltIn" name="Should Be Equal">
<doc>Fails if the given objects are unequal.</doc>
<arguments>
<arg>${text}</arg>
<arg>${mark}</arg>
</arguments>
<status endtime="20180214 09:00:34.413" starttime="20180214 09:00:34.410" status="PASS"></status>
</kw>
<status endtime="20180214 09:00:34.414" starttime="20180214 09:00:34.393" status="PASS"></status>
</kw>
<kw name="Mark Location">
<arguments>
<arg>2</arg>
<arg>1</arg>
</arguments>
<kw library="BuiltIn" name="Catenate">
<doc>Catenates the given items together and returns the resulted string.</doc>
<arguments>
<arg>SEPARATOR=</arg>
<arg>Square</arg>
<arg>${row}</arg>
<arg>${col}</arg>
</arguments>
<assign>
<var>${component}</var>
</assign>
<msg level="INFO" timestamp="20180214 09:00:34.422">${component} = Square21</msg>
<status endtime="20180214 09:00:34.423" starttime="20180214 09:00:34.419" status="PASS"></status>
</kw>
<kw library="SwingLibrary" name="Click On Component">
<doc>Clicks on a component.</doc>
<arguments>
<arg>${component}</arg>
</arguments>
<status endtime="20180214 09:00:34.435" starttime="20180214 09:00:34.424" status="PASS"></status>
</kw>
<status endtime="20180214 09:00:34.436" starttime="20180214 09:00:34.415" status="PASS"></status>
</kw>
<kw name="Check Location">
<arguments>
<arg>2</arg>
<arg>1</arg>
<arg>O</arg>
</arguments>
<kw library="BuiltIn" name="Catenate">
<doc>Catenates the given items together and returns the resulted string.</doc>
<arguments>
<arg>SEPARATOR=</arg>
<arg>Square</arg>
<arg>${row}</arg>
<arg>${col}</arg>
</arguments>
<assign>
<var>${component}</var>
</assign>
<msg level="INFO" timestamp="20180214 09:00:34.442">${component} = Square21</msg>
<status endtime="20180214 09:00:34.443" starttime="20180214 09:00:34.439" status="PASS"></status>
</kw>
<kw library="SwingLibrary" name="Get Button Text">
<doc>Uses current context to search for a button and when found, returns the text it is labeled with.</doc>
<arguments>
<arg>${component}</arg>
</arguments>
<assign>
<var>${text}</var>
</assign>
<msg level="INFO" timestamp="20180214 09:00:34.454">${text} = O</msg>
<status endtime="20180214 09:00:34.454" starttime="20180214 09:00:34.444" status="PASS"></status>
</kw>
<kw library="BuiltIn" name="Should Be Equal">
<doc>Fails if the given objects are unequal.</doc>
<arguments>
<arg>${text}</arg>
<arg>${mark}</arg>
</arguments>
<status endtime="20180214 09:00:34.458" starttime="20180214 09:00:34.456" status="PASS"></status>
</kw>
<status endtime="20180214 09:00:34.460" starttime="20180214 09:00:34.437" status="PASS"></status>
</kw>
<kw name="Mark Location">
<arguments>
<arg>1</arg>
<arg>2</arg>
</arguments>
<kw library="BuiltIn" name="Catenate">
<doc>Catenates the given items together and returns the resulted string.</doc>
<arguments>
<arg>SEPARATOR=</arg>
<arg>Square</arg>
<arg>${row}</arg>
<arg>${col}</arg>
</arguments>
<assign>
<var>${component}</var>
</assign>
<msg level="INFO" timestamp="20180214 09:00:34.467">${component} = Square12</msg>
<status endtime="20180214 09:00:34.468" starttime="20180214 09:00:34.463" status="PASS"></status>
</kw>
<kw library="SwingLibrary" name="Click On Component">
<doc>Clicks on a component.</doc>
<arguments>
<arg>${component}</arg>
</arguments>
<status endtime="20180214 09:00:34.480" starttime="20180214 09:00:34.469" status="PASS"></status>
</kw>
<status endtime="20180214 09:00:34.483" starttime="20180214 09:00:34.461" status="PASS"></status>
</kw>
<kw name="Check Location">
<arguments>
<arg>1</arg>
<arg>2</arg>
<arg>X</arg>
</arguments>
<kw library="BuiltIn" name="Catenate">
<doc>Catenates the given items together and returns the resulted string.</doc>
<arguments>
<arg>SEPARATOR=</arg>
<arg>Square</arg>
<arg>${row}</arg>
<arg>${col}</arg>
</arguments>
<assign>
<var>${component}</var>
</assign>
<msg level="INFO" timestamp="20180214 09:00:34.490">${component} = Square12</msg>
<status endtime="20180214 09:00:34.491" starttime="20180214 09:00:34.487" status="PASS"></status>
</kw>
<kw library="SwingLibrary" name="Get Button Text">
<doc>Uses current context to search for a button and when found, returns the text it is labeled with.</doc>
<arguments>
<arg>${component}</arg>
</arguments>
<assign>
<var>${text}</var>
</assign>
<msg level="INFO" timestamp="20180214 09:00:34.504">${text} = X</msg>
<status endtime="20180214 09:00:34.504" starttime="20180214 09:00:34.492" status="PASS"></status>
</kw>
<kw library="BuiltIn" name="Should Be Equal">
<doc>Fails if the given objects are unequal.</doc>
<arguments>
<arg>${text}</arg>
<arg>${mark}</arg>
</arguments>
<status endtime="20180214 09:00:34.509" starttime="20180214 09:00:34.506" status="PASS"></status>
</kw>
<status endtime="20180214 09:00:34.511" starttime="20180214 09:00:34.484" status="PASS"></status>
</kw>
<kw name="Mark Location">
<arguments>
<arg>1</arg>
<arg>0</arg>
</arguments>
<kw library="BuiltIn" name="Catenate">
<doc>Catenates the given items together and returns the resulted string.</doc>
<arguments>
<arg>SEPARATOR=</arg>
<arg>Square</arg>
<arg>${row}</arg>
<arg>${col}</arg>
</arguments>
<assign>
<var>${component}</var>
</assign>
<msg level="INFO" timestamp="20180214 09:00:34.519">${component} = Square10</msg>
<status endtime="20180214 09:00:34.519" starttime="20180214 09:00:34.514" status="PASS"></status>
</kw>
<kw library="SwingLibrary" name="Click On Component">
<doc>Clicks on a component.</doc>
<arguments>
<arg>${component}</arg>
</arguments>
<status endtime="20180214 09:00:34.531" starttime="20180214 09:00:34.520" status="PASS"></status>
</kw>
<status endtime="20180214 09:00:34.533" starttime="20180214 09:00:34.512" status="PASS"></status>
</kw>
<kw name="Check Location">
<arguments>
<arg>1</arg>
<arg>0</arg>
<arg>O</arg>
</arguments>
<kw library="BuiltIn" name="Catenate">
<doc>Catenates the given items together and returns the resulted string.</doc>
<arguments>
<arg>SEPARATOR=</arg>
<arg>Square</arg>
<arg>${row}</arg>
<arg>${col}</arg>
</arguments>
<assign>
<var>${component}</var>
</assign>
<msg level="INFO" timestamp="20180214 09:00:34.542">${component} = Square10</msg>
<status endtime="20180214 09:00:34.543" starttime="20180214 09:00:34.538" status="PASS"></status>
</kw>
<kw library="SwingLibrary" name="Get Button Text">
<doc>Uses current context to search for a button and when found, returns the text it is labeled with.</doc>
<arguments>
<arg>${component}</arg>
</arguments>
<assign>
<var>${text}</var>
</assign>
<msg level="INFO" timestamp="20180214 09:00:34.549">${text} = O</msg>
<status endtime="20180214 09:00:34.550" starttime="20180214 09:00:34.544" status="PASS"></status>
</kw>
<kw library="BuiltIn" name="Should Be Equal">
<doc>Fails if the given objects are unequal.</doc>
<arguments>
<arg>${text}</arg>
<arg>${mark}</arg>
</arguments>
<status endtime="20180214 09:00:34.555" starttime="20180214 09:00:34.551" status="PASS"></status>
</kw>
<status endtime="20180214 09:00:34.556" starttime="20180214 09:00:34.535" status="PASS"></status>
</kw>
<kw name="Mark Location">
<arguments>
<arg>2</arg>
<arg>2</arg>
</arguments>
<kw library="BuiltIn" name="Catenate">
<doc>Catenates the given items together and returns the resulted string.</doc>
<arguments>
<arg>SEPARATOR=</arg>
<arg>Square</arg>
<arg>${row}</arg>
<arg>${col}</arg>
</arguments>
<assign>
<var>${component}</var>
</assign>
<msg level="INFO" timestamp="20180214 09:00:34.562">${component} = Square22</msg>
<status endtime="20180214 09:00:34.562" starttime="20180214 09:00:34.558" status="PASS"></status>
</kw>
<kw library="SwingLibrary" name="Click On Component">
<doc>Clicks on a component.</doc>
<arguments>
<arg>${component}</arg>
</arguments>
<status endtime="20180214 09:00:34.577" starttime="20180214 09:00:34.563" status="PASS"></status>
</kw>
<status endtime="20180214 09:00:34.578" starttime="20180214 09:00:34.556" status="PASS"></status>
</kw>
<kw name="Check Location">
<arguments>
<arg>2</arg>
<arg>2</arg>
<arg>X</arg>
</arguments>
<kw library="BuiltIn" name="Catenate">
<doc>Catenates the given items together and returns the resulted string.</doc>
<arguments>
<arg>SEPARATOR=</arg>
<arg>Square</arg>
<arg>${row}</arg>
<arg>${col}</arg>
</arguments>
<assign>
<var>${component}</var>
</assign>
<msg level="INFO" timestamp="20180214 09:00:34.586">${component} = Square22</msg>
<status endtime="20180214 09:00:34.587" starttime="20180214 09:00:34.582" status="PASS"></status>
</kw>
<kw library="SwingLibrary" name="Get Button Text">
<doc>Uses current context to search for a button and when found, returns the text it is labeled with.</doc>
<arguments>
<arg>${component}</arg>
</arguments>
<assign>
<var>${text}</var>
</assign>
<msg level="INFO" timestamp="20180214 09:00:34.595">${text} = X</msg>
<status endtime="20180214 09:00:34.595" starttime="20180214 09:00:34.587" status="PASS"></status>
</kw>
<kw library="BuiltIn" name="Should Be Equal">
<doc>Fails if the given objects are unequal.</doc>
<arguments>
<arg>${text}</arg>
<arg>${mark}</arg>
</arguments>
<status endtime="20180214 09:00:34.599" starttime="20180214 09:00:34.597" status="PASS"></status>
</kw>
<status endtime="20180214 09:00:34.601" starttime="20180214 09:00:34.579" status="PASS"></status>
</kw>
<kw name="Winner Should Be">
<arguments>
<arg>TIE</arg>
</arguments>
<kw library="SwingLibrary" name="Get Label Content">
<doc>Returns the text displayed on a label.</doc>
<arguments>
<arg>ResultLabel</arg>
</arguments>
<assign>
<var>${text}</var>
</assign>
<msg level="INFO" timestamp="20180214 09:00:34.611">${text} = TIE</msg>
<status endtime="20180214 09:00:34.612" starttime="20180214 09:00:34.605" status="PASS"></status>
</kw>
<kw library="BuiltIn" name="Should Be Equal">
<doc>Fails if the given objects are unequal.</doc>
<arguments>
<arg>${text}</arg>
<arg>${winner}</arg>
</arguments>
<status endtime="20180214 09:00:34.616" starttime="20180214 09:00:34.613" status="PASS"></status>
</kw>
<kw library="SwingLibrary" name="Close Window">
<doc>Closes a window.</doc>
<arguments>
<arg>Tic-Tac-Toe</arg>
</arguments>
<status endtime="20180214 09:00:34.787" starttime="20180214 09:00:34.617" status="PASS"></status>
</kw>
<status endtime="20180214 09:00:34.788" starttime="20180214 09:00:34.602" status="PASS"></status>
</kw>
<status critical="yes" endtime="20180214 09:00:34.789" starttime="20180214 09:00:34.062" status="PASS"></status>
</test>
<status endtime="20180214 09:00:34.795" starttime="20180214 09:00:30.743" status="PASS"></status>
</suite>
<suite source="/Users/dallenatchley/Documents/Software/cs310-tic-tac-toe/src/test/acceptancetest/TicTacToeTests.robot" name="TicTacToeTests" id="s1-s2">
<test name="Win Diagonally as X" id="s1-s2-t1">
<kw library="keywords.TicTacToeKeywords" name="Start New Game">
<status endtime="20180214 09:00:34.868" starttime="20180214 09:00:34.866" status="PASS"></status>
</kw>
<kw library="keywords.TicTacToeKeywords" name="Mark Location">
<arguments>
<arg>1</arg>
<arg>1</arg>
</arguments>
<status endtime="20180214 09:00:34.870" starttime="20180214 09:00:34.869" status="PASS"></status>
</kw>
<kw name="Check Location">
<arguments>
<arg>1</arg>
<arg>1</arg>
<arg>X</arg>
</arguments>
<kw library="keywords.TicTacToeKeywords" name="Get Mark">
<arguments>
<arg>${row}</arg>
<arg>${col}</arg>
</arguments>
<assign>
<var>${m}</var>
</assign>
<msg level="INFO" timestamp="20180214 09:00:34.875">${m} = X</msg>
<status endtime="20180214 09:00:34.876" starttime="20180214 09:00:34.872" status="PASS"></status>
</kw>
<kw library="BuiltIn" name="Should Be Equal">
<doc>Fails if the given objects are unequal.</doc>
<arguments>
<arg>${m}</arg>
<arg>${mark}</arg>
</arguments>
<status endtime="20180214 09:00:34.880" starttime="20180214 09:00:34.877" status="PASS"></status>
</kw>
<status endtime="20180214 09:00:34.881" starttime="20180214 09:00:34.871" status="PASS"></status>
</kw>
<kw library="keywords.TicTacToeKeywords" name="Mark Location">
<arguments>
<arg>0</arg>
<arg>1</arg>
</arguments>
<status endtime="20180214 09:00:34.886" starttime="20180214 09:00:34.883" status="PASS"></status>
</kw>
<kw name="Check Location">
<arguments>
<arg>0</arg>
<arg>1</arg>
<arg>O</arg>
</arguments>
<kw library="keywords.TicTacToeKeywords" name="Get Mark">
<arguments>
<arg>${row}</arg>
<arg>${col}</arg>
</arguments>
<assign>
<var>${m}</var>
</assign>
<msg level="INFO" timestamp="20180214 09:00:34.895">${m} = O</msg>
<status endtime="20180214 09:00:34.895" starttime="20180214 09:00:34.889" status="PASS"></status>
</kw>
<kw library="BuiltIn" name="Should Be Equal">
<doc>Fails if the given objects are unequal.</doc>
<arguments>
<arg>${m}</arg>
<arg>${mark}</arg>
</arguments>
<status endtime="20180214 09:00:34.899" starttime="20180214 09:00:34.896" status="PASS"></status>
</kw>
<status endtime="20180214 09:00:34.901" starttime="20180214 09:00:34.887" status="PASS"></status>
</kw>
<kw library="keywords.TicTacToeKeywords" name="Mark Location">
<arguments>
<arg>0</arg>
<arg>0</arg>
</arguments>
<status endtime="20180214 09:00:34.906" starttime="20180214 09:00:34.905" status="PASS"></status>
</kw>
<kw name="Check Location">
<arguments>
<arg>0</arg>
<arg>0</arg>
<arg>X</arg>
</arguments>
<kw library="keywords.TicTacToeKeywords" name="Get Mark">
<arguments>
<arg>${row}</arg>
<arg>${col}</arg>
</arguments>
<assign>
<var>${m}</var>
</assign>
<msg level="INFO" timestamp="20180214 09:00:34.912">${m} = X</msg>
<status endtime="20180214 09:00:34.912" starttime="20180214 09:00:34.909" status="PASS"></status>
</kw>
<kw library="BuiltIn" name="Should Be Equal">
<doc>Fails if the given objects are unequal.</doc>
<arguments>
<arg>${m}</arg>
<arg>${mark}</arg>
</arguments>
<status endtime="20180214 09:00:34.917" starttime="20180214 09:00:34.913" status="PASS"></status>
</kw>
<status endtime="20180214 09:00:34.919" starttime="20180214 09:00:34.907" status="PASS"></status>
</kw>
<kw library="keywords.TicTacToeKeywords" name="Mark Location">
<arguments>
<arg>0</arg>
<arg>2</arg>
</arguments>
<status endtime="20180214 09:00:34.922" starttime="20180214 09:00:34.920" status="PASS"></status>
</kw>
<kw name="Check Location">
<arguments>
<arg>0</arg>
<arg>2</arg>
<arg>O</arg>
</arguments>
<kw library="keywords.TicTacToeKeywords" name="Get Mark">
<arguments>
<arg>${row}</arg>
<arg>${col}</arg>
</arguments>
<assign>
<var>${m}</var>
</assign>
<msg level="INFO" timestamp="20180214 09:00:34.929">${m} = O</msg>
<status endtime="20180214 09:00:34.930" starttime="20180214 09:00:34.926" status="PASS"></status>
</kw>
<kw library="BuiltIn" name="Should Be Equal">
<doc>Fails if the given objects are unequal.</doc>
<arguments>
<arg>${m}</arg>
<arg>${mark}</arg>
</arguments>
<status endtime="20180214 09:00:34.935" starttime="20180214 09:00:34.931" status="PASS"></status>
</kw>
<status endtime="20180214 09:00:34.936" starttime="20180214 09:00:34.924" status="PASS"></status>
</kw>
<kw library="keywords.TicTacToeKeywords" name="Mark Location">
<arguments>
<arg>2</arg>
<arg>2</arg>
</arguments>
<status endtime="20180214 09:00:34.939" starttime="20180214 09:00:34.937" status="PASS"></status>
</kw>
<kw name="Check Location">
<arguments>
<arg>2</arg>
<arg>2</arg>
<arg>X</arg>
</arguments>
<kw library="keywords.TicTacToeKeywords" name="Get Mark">
<arguments>
<arg>${row}</arg>
<arg>${col}</arg>
</arguments>
<assign>
<var>${m}</var>
</assign>
<msg level="INFO" timestamp="20180214 09:00:34.946">${m} = X</msg>
<status endtime="20180214 09:00:34.947" starttime="20180214 09:00:34.943" status="PASS"></status>
</kw>
<kw library="BuiltIn" name="Should Be Equal">
<doc>Fails if the given objects are unequal.</doc>
<arguments>
<arg>${m}</arg>
<arg>${mark}</arg>
</arguments>
<status endtime="20180214 09:00:34.951" starttime="20180214 09:00:34.948" status="PASS"></status>
</kw>
<status endtime="20180214 09:00:34.952" starttime="20180214 09:00:34.940" status="PASS"></status>
</kw>
<kw name="Winner Should Be">
<arguments>
<arg>X</arg>
</arguments>
<kw library="keywords.TicTacToeKeywords" name="Get Winner">
<assign>
<var>${m}</var>
</assign>
<msg level="INFO" timestamp="20180214 09:00:34.960">${m} = X</msg>
<status endtime="20180214 09:00:34.960" starttime="20180214 09:00:34.957" status="PASS"></status>
</kw>
<kw library="BuiltIn" name="Should Be Equal">
<doc>Fails if the given objects are unequal.</doc>
<arguments>
<arg>${m}</arg>
<arg>${mark}</arg>
</arguments>
<status endtime="20180214 09:00:34.964" starttime="20180214 09:00:34.961" status="PASS"></status>
</kw>
<status endtime="20180214 09:00:34.965" starttime="20180214 09:00:34.955" status="PASS"></status>
</kw>
<status critical="yes" endtime="20180214 09:00:34.967" starttime="20180214 09:00:34.862" status="PASS"></status>
</test>
<test name="Win Horizontally as O" id="s1-s2-t2">
<kw library="keywords.TicTacToeKeywords" name="Start New Game">
<status endtime="20180214 09:00:34.973" starttime="20180214 09:00:34.971" status="PASS"></status>
</kw>
<kw library="keywords.TicTacToeKeywords" name="Mark Location">
<arguments>
<arg>1</arg>
<arg>1</arg>
</arguments>
<status endtime="20180214 09:00:34.975" starttime="20180214 09:00:34.974" status="PASS"></status>
</kw>
<kw name="Check Location">
<arguments>
<arg>1</arg>
<arg>1</arg>
<arg>X</arg>
</arguments>
<kw library="keywords.TicTacToeKeywords" name="Get Mark">
<arguments>
<arg>${row}</arg>
<arg>${col}</arg>
</arguments>
<assign>
<var>${m}</var>
</assign>
<msg level="INFO" timestamp="20180214 09:00:34.983">${m} = X</msg>
<status endtime="20180214 09:00:34.984" starttime="20180214 09:00:34.980" status="PASS"></status>
</kw>
<kw library="BuiltIn" name="Should Be Equal">
<doc>Fails if the given objects are unequal.</doc>
<arguments>
<arg>${m}</arg>
<arg>${mark}</arg>
</arguments>
<status endtime="20180214 09:00:34.988" starttime="20180214 09:00:34.985" status="PASS"></status>
</kw>
<status endtime="20180214 09:00:34.989" starttime="20180214 09:00:34.976" status="PASS"></status>
</kw>
<kw library="keywords.TicTacToeKeywords" name="Mark Location">
<arguments>
<arg>2</arg>
<arg>0</arg>
</arguments>
<status endtime="20180214 09:00:34.992" starttime="20180214 09:00:34.990" status="PASS"></status>
</kw>
<kw name="Check Location">
<arguments>
<arg>2</arg>
<arg>0</arg>
<arg>O</arg>
</arguments>
<kw library="keywords.TicTacToeKeywords" name="Get Mark">
<arguments>
<arg>${row}</arg>
<arg>${col}</arg>
</arguments>
<assign>
<var>${m}</var>
</assign>
<msg level="INFO" timestamp="20180214 09:00:34.999">${m} = O</msg>
<status endtime="20180214 09:00:34.999" starttime="20180214 09:00:34.996" status="PASS"></status>
</kw>
<kw library="BuiltIn" name="Should Be Equal">
<doc>Fails if the given objects are unequal.</doc>
<arguments>
<arg>${m}</arg>
<arg>${mark}</arg>
</arguments>
<status endtime="20180214 09:00:35.005" starttime="20180214 09:00:35.002" status="PASS"></status>
</kw>
<status endtime="20180214 09:00:35.007" starttime="20180214 09:00:34.993" status="PASS"></status>
</kw>
<kw library="keywords.TicTacToeKeywords" name="Mark Location">
<arguments>
<arg>0</arg>
<arg>0</arg>
</arguments>
<status endtime="20180214 09:00:35.010" starttime="20180214 09:00:35.008" status="PASS"></status>
</kw>
<kw name="Check Location">
<arguments>
<arg>0</arg>
<arg>0</arg>
<arg>X</arg>
</arguments>
<kw library="keywords.TicTacToeKeywords" name="Get Mark">
<arguments>
<arg>${row}</arg>
<arg>${col}</arg>
</arguments>
<assign>
<var>${m}</var>
</assign>
<msg level="INFO" timestamp="20180214 09:00:35.016">${m} = X</msg>
<status endtime="20180214 09:00:35.016" starttime="20180214 09:00:35.014" status="PASS"></status>
</kw>
<kw library="BuiltIn" name="Should Be Equal">
<doc>Fails if the given objects are unequal.</doc>
<arguments>
<arg>${m}</arg>
<arg>${mark}</arg>
</arguments>
<status endtime="20180214 09:00:35.021" starttime="20180214 09:00:35.017" status="PASS"></status>
</kw>
<status endtime="20180214 09:00:35.022" starttime="20180214 09:00:35.012" status="PASS"></status>
</kw>
<kw library="keywords.TicTacToeKeywords" name="Mark Location">
<arguments>
<arg>2</arg>
<arg>2</arg>
</arguments>
<status endtime="20180214 09:00:35.026" starttime="20180214 09:00:35.024" status="PASS"></status>
</kw>
<kw name="Check Location">
<arguments>
<arg>2</arg>
<arg>2</arg>
<arg>O</arg>
</arguments>
<kw library="keywords.TicTacToeKeywords" name="Get Mark">
<arguments>
<arg>${row}</arg>
<arg>${col}</arg>
</arguments>
<assign>
<var>${m}</var>
</assign>
<msg level="INFO" timestamp="20180214 09:00:35.033">${m} = O</msg>
<status endtime="20180214 09:00:35.034" starttime="20180214 09:00:35.029" status="PASS"></status>
</kw>
<kw library="BuiltIn" name="Should Be Equal">
<doc>Fails if the given objects are unequal.</doc>
<arguments>
<arg>${m}</arg>
<arg>${mark}</arg>
</arguments>
<status endtime="20180214 09:00:35.037" starttime="20180214 09:00:35.035" status="PASS"></status>
</kw>
<status endtime="20180214 09:00:35.039" starttime="20180214 09:00:35.027" status="PASS"></status>
</kw>
<kw library="keywords.TicTacToeKeywords" name="Mark Location">
<arguments>
<arg>0</arg>
<arg>2</arg>
</arguments>
<status endtime="20180214 09:00:35.041" starttime="20180214 09:00:35.039" status="PASS"></status>
</kw>
<kw name="Check Location">
<arguments>
<arg>0</arg>
<arg>2</arg>
<arg>X</arg>
</arguments>
<kw library="keywords.TicTacToeKeywords" name="Get Mark">
<arguments>
<arg>${row}</arg>
<arg>${col}</arg>
</arguments>
<assign>
<var>${m}</var>
</assign>
<msg level="INFO" timestamp="20180214 09:00:35.046">${m} = X</msg>
<status endtime="20180214 09:00:35.047" starttime="20180214 09:00:35.044" status="PASS"></status>
</kw>
<kw library="BuiltIn" name="Should Be Equal">
<doc>Fails if the given objects are unequal.</doc>
<arguments>
<arg>${m}</arg>
<arg>${mark}</arg>
</arguments>
<status endtime="20180214 09:00:35.052" starttime="20180214 09:00:35.047" status="PASS"></status>
</kw>
<status endtime="20180214 09:00:35.054" starttime="20180214 09:00:35.042" status="PASS"></status>
</kw>
<kw library="keywords.TicTacToeKeywords" name="Mark Location">
<arguments>
<arg>2</arg>
<arg>1</arg>
</arguments>
<status endtime="20180214 09:00:35.057" starttime="20180214 09:00:35.055" status="PASS"></status>
</kw>
<kw name="Check Location">
<arguments>
<arg>2</arg>
<arg>1</arg>
<arg>O</arg>
</arguments>
<kw library="keywords.TicTacToeKeywords" name="Get Mark">
<arguments>
<arg>${row}</arg>
<arg>${col}</arg>
</arguments>
<assign>
<var>${m}</var>
</assign>
<msg level="INFO" timestamp="20180214 09:00:35.064">${m} = O</msg>
<status endtime="20180214 09:00:35.065" starttime="20180214 09:00:35.061" status="PASS"></status>
</kw>
<kw library="BuiltIn" name="Should Be Equal">
<doc>Fails if the given objects are unequal.</doc>
<arguments>
<arg>${m}</arg>
<arg>${mark}</arg>
</arguments>
<status endtime="20180214 09:00:35.069" starttime="20180214 09:00:35.066" status="PASS"></status>
</kw>
<status endtime="20180214 09:00:35.070" starttime="20180214 09:00:35.059" status="PASS"></status>
</kw>
<kw name="Winner Should Be">
<arguments>
<arg>O</arg>
</arguments>
<kw library="keywords.TicTacToeKeywords" name="Get Winner">
<assign>
<var>${m}</var>
</assign>
<msg level="INFO" timestamp="20180214 09:00:35.076">${m} = O</msg>
<status endtime="20180214 09:00:35.077" starttime="20180214 09:00:35.074" status="PASS"></status>
</kw>
<kw library="BuiltIn" name="Should Be Equal">
<doc>Fails if the given objects are unequal.</doc>
<arguments>
<arg>${m}</arg>
<arg>${mark}</arg>
</arguments>
<status endtime="20180214 09:00:35.081" starttime="20180214 09:00:35.078" status="PASS"></status>
</kw>
<status endtime="20180214 09:00:35.082" starttime="20180214 09:00:35.072" status="PASS"></status>
</kw>
<status critical="yes" endtime="20180214 09:00:35.083" starttime="20180214 09:00:34.968" status="PASS"></status>
</test>
<test name="Force a Tie" id="s1-s2-t3">
<kw library="keywords.TicTacToeKeywords" name="Start New Game">
<status endtime="20180214 09:00:35.095" starttime="20180214 09:00:35.092" status="PASS"></status>
</kw>
<kw library="keywords.TicTacToeKeywords" name="Mark Location">
<arguments>
<arg>1</arg>
<arg>1</arg>
</arguments>
<status endtime="20180214 09:00:35.100" starttime="20180214 09:00:35.097" status="PASS"></status>
</kw>
<kw name="Check Location">
<arguments>
<arg>1</arg>
<arg>1</arg>
<arg>X</arg>
</arguments>
<kw library="keywords.TicTacToeKeywords" name="Get Mark">
<arguments>
<arg>${row}</arg>
<arg>${col}</arg>
</arguments>
<assign>
<var>${m}</var>
</assign>
<msg level="INFO" timestamp="20180214 09:00:35.109">${m} = X</msg>
<status endtime="20180214 09:00:35.109" starttime="20180214 09:00:35.105" status="PASS"></status>
</kw>
<kw library="BuiltIn" name="Should Be Equal">
<doc>Fails if the given objects are unequal.</doc>
<arguments>
<arg>${m}</arg>
<arg>${mark}</arg>
</arguments>
<status endtime="20180214 09:00:35.113" starttime="20180214 09:00:35.110" status="PASS"></status>
</kw>
<status endtime="20180214 09:00:35.114" starttime="20180214 09:00:35.102" status="PASS"></status>
</kw>
<kw library="keywords.TicTacToeKeywords" name="Mark Location">
<arguments>
<arg>0</arg>
<arg>0</arg>
</arguments>
<status endtime="20180214 09:00:35.118" starttime="20180214 09:00:35.115" status="PASS"></status>
</kw>
<kw name="Check Location">
<arguments>
<arg>0</arg>
<arg>0</arg>
<arg>O</arg>
</arguments>
<kw library="keywords.TicTacToeKeywords" name="Get Mark">
<arguments>
<arg>${row}</arg>
<arg>${col}</arg>
</arguments>
<assign>
<var>${m}</var>
</assign>
<msg level="INFO" timestamp="20180214 09:00:35.125">${m} = O</msg>
<status endtime="20180214 09:00:35.125" starttime="20180214 09:00:35.121" status="PASS"></status>
</kw>
<kw library="BuiltIn" name="Should Be Equal">
<doc>Fails if the given objects are unequal.</doc>
<arguments>
<arg>${m}</arg>
<arg>${mark}</arg>
</arguments>
<status endtime="20180214 09:00:35.129" starttime="20180214 09:00:35.126" status="PASS"></status>
</kw>
<status endtime="20180214 09:00:35.130" starttime="20180214 09:00:35.119" status="PASS"></status>
</kw>
<kw library="keywords.TicTacToeKeywords" name="Mark Location">
<arguments>
<arg>2</arg>
<arg>0</arg>
</arguments>
<status endtime="20180214 09:00:35.133" starttime="20180214 09:00:35.131" status="PASS"></status>
</kw>
<kw name="Check Location">
<arguments>
<arg>2</arg>
<arg>0</arg>
<arg>X</arg>
</arguments>
<kw library="keywords.TicTacToeKeywords" name="Get Mark">
<arguments>
<arg>${row}</arg>
<arg>${col}</arg>
</arguments>
<assign>
<var>${m}</var>
</assign>
<msg level="INFO" timestamp="20180214 09:00:35.138">${m} = X</msg>
<status endtime="20180214 09:00:35.139" starttime="20180214 09:00:35.136" status="PASS"></status>
</kw>
<kw library="BuiltIn" name="Should Be Equal">
<doc>Fails if the given objects are unequal.</doc>
<arguments>
<arg>${m}</arg>
<arg>${mark}</arg>
</arguments>
<status endtime="20180214 09:00:35.142" starttime="20180214 09:00:35.140" status="PASS"></status>
</kw>
<status endtime="20180214 09:00:35.144" starttime="20180214 09:00:35.134" status="PASS"></status>
</kw>
<kw library="keywords.TicTacToeKeywords" name="Mark Location">
<arguments>
<arg>0</arg>
<arg>2</arg>
</arguments>
<status endtime="20180214 09:00:35.147" starttime="20180214 09:00:35.145" status="PASS"></status>
</kw>
<kw name="Check Location">
<arguments>
<arg>0</arg>
<arg>2</arg>
<arg>O</arg>
</arguments>
<kw library="keywords.TicTacToeKeywords" name="Get Mark">
<arguments>
<arg>${row}</arg>
<arg>${col}</arg>
</arguments>
<assign>
<var>${m}</var>
</assign>
<msg level="INFO" timestamp="20180214 09:00:35.154">${m} = O</msg>
<status endtime="20180214 09:00:35.155" starttime="20180214 09:00:35.151" status="PASS"></status>
</kw>
<kw library="BuiltIn" name="Should Be Equal">
<doc>Fails if the given objects are unequal.</doc>
<arguments>
<arg>${m}</arg>
<arg>${mark}</arg>
</arguments>
<status endtime="20180214 09:00:35.160" starttime="20180214 09:00:35.156" status="PASS"></status>
</kw>
<status endtime="20180214 09:00:35.162" starttime="20180214 09:00:35.148" status="PASS"></status>
</kw>
<kw library="keywords.TicTacToeKeywords" name="Mark Location">
<arguments>
<arg>0</arg>
<arg>1</arg>
</arguments>
<status endtime="20180214 09:00:35.166" starttime="20180214 09:00:35.163" status="PASS"></status>
</kw>
<kw name="Check Location">
<arguments>
<arg>0</arg>
<arg>1</arg>
<arg>X</arg>
</arguments>
<kw library="keywords.TicTacToeKeywords" name="Get Mark">
<arguments>
<arg>${row}</arg>
<arg>${col}</arg>
</arguments>
<assign>
<var>${m}</var>
</assign>
<msg level="INFO" timestamp="20180214 09:00:35.175">${m} = X</msg>
<status endtime="20180214 09:00:35.176" starttime="20180214 09:00:35.172" status="PASS"></status>
</kw>
<kw library="BuiltIn" name="Should Be Equal">
<doc>Fails if the given objects are unequal.</doc>
<arguments>
<arg>${m}</arg>
<arg>${mark}</arg>
</arguments>
<status endtime="20180214 09:00:35.180" starttime="20180214 09:00:35.177" status="PASS"></status>
</kw>
<status endtime="20180214 09:00:35.181" starttime="20180214 09:00:35.167" status="PASS"></status>
</kw>
<kw library="keywords.TicTacToeKeywords" name="Mark Location">
<arguments>
<arg>2</arg>
<arg>1</arg>
</arguments>
<status endtime="20180214 09:00:35.185" starttime="20180214 09:00:35.182" status="PASS"></status>
</kw>
<kw name="Check Location">
<arguments>
<arg>2</arg>
<arg>1</arg>
<arg>O</arg>
</arguments>
<kw library="keywords.TicTacToeKeywords" name="Get Mark">
<arguments>
<arg>${row}</arg>
<arg>${col}</arg>
</arguments>
<assign>
<var>${m}</var>
</assign>
<msg level="INFO" timestamp="20180214 09:00:35.193">${m} = O</msg>
<status endtime="20180214 09:00:35.194" starttime="20180214 09:00:35.188" status="PASS"></status>
</kw>
<kw library="BuiltIn" name="Should Be Equal">
<doc>Fails if the given objects are unequal.</doc>
<arguments>
<arg>${m}</arg>
<arg>${mark}</arg>
</arguments>
<status endtime="20180214 09:00:35.198" starttime="20180214 09:00:35.195" status="PASS"></status>
</kw>
<status endtime="20180214 09:00:35.200" starttime="20180214 09:00:35.186" status="PASS"></status>
</kw>
<kw library="keywords.TicTacToeKeywords" name="Mark Location">
<arguments>
<arg>1</arg>
<arg>2</arg>
</arguments>
<status endtime="20180214 09:00:35.203" starttime="20180214 09:00:35.201" status="PASS"></status>
</kw>
<kw name="Check Location">
<arguments>
<arg>1</arg>
<arg>2</arg>
<arg>X</arg>
</arguments>
<kw library="keywords.TicTacToeKeywords" name="Get Mark">
<arguments>
<arg>${row}</arg>
<arg>${col}</arg>
</arguments>
<assign>
<var>${m}</var>
</assign>
<msg level="INFO" timestamp="20180214 09:00:35.211">${m} = X</msg>
<status endtime="20180214 09:00:35.211" starttime="20180214 09:00:35.207" status="PASS"></status>
</kw>
<kw library="BuiltIn" name="Should Be Equal">
<doc>Fails if the given objects are unequal.</doc>
<arguments>
<arg>${m}</arg>
<arg>${mark}</arg>
</arguments>
<status endtime="20180214 09:00:35.215" starttime="20180214 09:00:35.213" status="PASS"></status>
</kw>
<status endtime="20180214 09:00:35.217" starttime="20180214 09:00:35.204" status="PASS"></status>
</kw>
<kw library="keywords.TicTacToeKeywords" name="Mark Location">
<arguments>
<arg>1</arg>
<arg>0</arg>
</arguments>
<status endtime="20180214 09:00:35.221" starttime="20180214 09:00:35.218" status="PASS"></status>
</kw>
<kw name="Check Location">
<arguments>
<arg>1</arg>
<arg>0</arg>
<arg>O</arg>
</arguments>
<kw library="keywords.TicTacToeKeywords" name="Get Mark">
<arguments>
<arg>${row}</arg>
<arg>${col}</arg>
</arguments>
<assign>
<var>${m}</var>
</assign>
<msg level="INFO" timestamp="20180214 09:00:35.226">${m} = O</msg>
<status endtime="20180214 09:00:35.227" starttime="20180214 09:00:35.223" status="PASS"></status>
</kw>
<kw library="BuiltIn" name="Should Be Equal">
<doc>Fails if the given objects are unequal.</doc>
<arguments>
<arg>${m}</arg>
<arg>${mark}</arg>
</arguments>
<status endtime="20180214 09:00:35.230" starttime="20180214 09:00:35.228" status="PASS"></status>
</kw>
<status endtime="20180214 09:00:35.232" starttime="20180214 09:00:35.222" status="PASS"></status>
</kw>
<kw library="keywords.TicTacToeKeywords" name="Mark Location">
<arguments>
<arg>2</arg>
<arg>2</arg>
</arguments>
<status endtime="20180214 09:00:35.235" starttime="20180214 09:00:35.233" status="PASS"></status>
</kw>
<kw name="Check Location">
<arguments>
<arg>2</arg>
<arg>2</arg>
<arg>X</arg>
</arguments>
<kw library="keywords.TicTacToeKeywords" name="Get Mark">
<arguments>
<arg>${row}</arg>
<arg>${col}</arg>
</arguments>
<assign>
<var>${m}</var>
</assign>
<msg level="INFO" timestamp="20180214 09:00:35.242">${m} = X</msg>
<status endtime="20180214 09:00:35.243" starttime="20180214 09:00:35.239" status="PASS"></status>
</kw>
<kw library="BuiltIn" name="Should Be Equal">
<doc>Fails if the given objects are unequal.</doc>
<arguments>
<arg>${m}</arg>
<arg>${mark}</arg>
</arguments>
<status endtime="20180214 09:00:35.246" starttime="20180214 09:00:35.244" status="PASS"></status>
</kw>
<status endtime="20180214 09:00:35.248" starttime="20180214 09:00:35.236" status="PASS"></status>
</kw>
<kw name="Winner Should Be">
<arguments>
<arg>TIE</arg>
</arguments>
<kw library="keywords.TicTacToeKeywords" name="Get Winner">
<assign>
<var>${m}</var>
</assign>
<msg level="INFO" timestamp="20180214 09:00:35.253">${m} = TIE</msg>
<status endtime="20180214 09:00:35.253" starttime="20180214 09:00:35.251" status="PASS"></status>
</kw>
<kw library="BuiltIn" name="Should Be Equal">
<doc>Fails if the given objects are unequal.</doc>
<arguments>
<arg>${m}</arg>
<arg>${mark}</arg>
</arguments>
<status endtime="20180214 09:00:35.256" starttime="20180214 09:00:35.254" status="PASS"></status>
</kw>
<status endtime="20180214 09:00:35.257" starttime="20180214 09:00:35.249" status="PASS"></status>
</kw>
<status critical="yes" endtime="20180214 09:00:35.258" starttime="20180214 09:00:35.085" status="PASS"></status>
</test>
<status endtime="20180214 09:00:35.260" starttime="20180214 09:00:34.807" status="PASS"></status>
</suite>
<status endtime="20180214 09:00:35.272" starttime="20180214 09:00:30.128" status="PASS"></status>
</suite>
<statistics>
<total>
<stat pass="6" fail="0">Critical Tests</stat>
<stat pass="6" fail="0">All Tests</stat>
</total>
<tag>
</tag>
<suite>
<stat pass="6" fail="0" name="Acceptancetest" id="s1">Acceptancetest</stat>
<stat pass="3" fail="0" name="TicTacToeGUITests" id="s1-s1">Acceptancetest.TicTacToeGUITests</stat>
<stat pass="3" fail="0" name="TicTacToeTests" id="s1-s2">Acceptancetest.TicTacToeTests</stat>
</suite>
</statistics>
<errors>
</errors>
</robot>
